[0m13:29:41.316546 [debug] [MainThread]: Sending event: {'category': 'dbt', 'action': 'invocation', 'label': 'start', 'context': [<snowplow_tracker.self_describing_json.SelfDescribingJson object at 0x000002230AC5E6F0>, <snowplow_tracker.self_describing_json.SelfDescribingJson object at 0x000002230AB12DB0>, <snowplow_tracker.self_describing_json.SelfDescribingJson object at 0x000002230AB13EC0>]}


============================== 13:29:41.323542 | e1087701-e68c-41a3-a0a9-85734c9f0bb5 ==============================
[0m13:29:41.323542 [info ] [MainThread]: Running with dbt=1.8.6
[0m13:29:41.324547 [debug] [MainThread]: running dbt with arguments {'printer_width': '80', 'indirect_selection': 'eager', 'write_json': 'True', 'log_cache_events': 'False', 'partial_parse': 'True', 'cache_selected_only': 'False', 'warn_error': 'None', 'version_check': 'True', 'debug': 'False', 'log_path': 'logs', 'profiles_dir': 'C:\\Users\\Lucas Andrade\\.dbt', 'fail_fast': 'False', 'use_colors': 'True', 'use_experimental_parser': 'False', 'empty': 'None', 'quiet': 'False', 'no_print': 'None', 'warn_error_options': 'WarnErrorOptions(include=[], exclude=[])', 'static_parser': 'True', 'introspect': 'True', 'log_format': 'default', 'target_path': 'None', 'invocation_command': 'dbt debug', 'send_anonymous_usage_stats': 'True'}
[0m13:29:41.358291 [info ] [MainThread]: dbt version: 1.8.6
[0m13:29:41.359289 [info ] [MainThread]: python version: 3.12.4
[0m13:29:41.360294 [info ] [MainThread]: python path: E:\VMs_python\dbt-21-dias\Scripts\python.exe
[0m13:29:41.363298 [info ] [MainThread]: os info: Windows-11-10.0.22631-SP0
[0m13:29:41.370918 [info ] [MainThread]: Error importing adapter: No module named 'dbt.adapters.POSTGRES'
[0m13:29:41.373238 [info ] [MainThread]: Using profiles dir at C:\Users\Lucas Andrade\.dbt
[0m13:29:41.374330 [info ] [MainThread]: Using profiles.yml file at C:\Users\Lucas Andrade\.dbt\profiles.yml
[0m13:29:41.375416 [info ] [MainThread]: Using dbt_project.yml file at E:\dbt_core_desafio_21_dias\dbt_project.yml
[0m13:29:41.376666 [info ] [MainThread]: Configuration:
[0m13:29:41.377707 [info ] [MainThread]:   profiles.yml file [[31mERROR invalid[0m]
[0m13:29:41.378243 [info ] [MainThread]:   dbt_project.yml file [[31mERROR not found[0m]
[0m13:29:41.380608 [info ] [MainThread]: Required dependencies:
[0m13:29:41.381591 [debug] [MainThread]: Executing "git --help"
[0m13:29:41.429081 [debug] [MainThread]: STDOUT: "b"usage: git [-v | --version] [-h | --help] [-C <path>] [-c <name>=<value>]\n           [--exec-path[=<path>]] [--html-path] [--man-path] [--info-path]\n           [-p | --paginate | -P | --no-pager] [--no-replace-objects] [--bare]\n           [--git-dir=<path>] [--work-tree=<path>] [--namespace=<name>]\n           [--config-env=<name>=<envvar>] <command> [<args>]\n\nThese are common Git commands used in various situations:\n\nstart a working area (see also: git help tutorial)\n   clone     Clone a repository into a new directory\n   init      Create an empty Git repository or reinitialize an existing one\n\nwork on the current change (see also: git help everyday)\n   add       Add file contents to the index\n   mv        Move or rename a file, a directory, or a symlink\n   restore   Restore working tree files\n   rm        Remove files from the working tree and from the index\n\nexamine the history and state (see also: git help revisions)\n   bisect    Use binary search to find the commit that introduced a bug\n   diff      Show changes between commits, commit and working tree, etc\n   grep      Print lines matching a pattern\n   log       Show commit logs\n   show      Show various types of objects\n   status    Show the working tree status\n\ngrow, mark and tweak your common history\n   branch    List, create, or delete branches\n   commit    Record changes to the repository\n   merge     Join two or more development histories together\n   rebase    Reapply commits on top of another base tip\n   reset     Reset current HEAD to the specified state\n   switch    Switch branches\n   tag       Create, list, delete or verify a tag object signed with GPG\n\ncollaborate (see also: git help workflows)\n   fetch     Download objects and refs from another repository\n   pull      Fetch from and integrate with another repository or a local branch\n   push      Update remote refs along with associated objects\n\n'git help -a' and 'git help -g' list available subcommands and some\nconcept guides. See 'git help <command>' or 'git help <concept>'\nto read about a specific subcommand or concept.\nSee 'git help git' for an overview of the system.\n""
[0m13:29:41.430083 [debug] [MainThread]: STDERR: "b''"
[0m13:29:41.430083 [info ] [MainThread]:  - git [[32mOK found[0m]

[0m13:29:41.431084 [info ] [MainThread]: Connection test skipped since no profile was found
[0m13:29:41.432083 [info ] [MainThread]: [31m2 checks failed:[0m
[0m13:29:41.433083 [info ] [MainThread]: Could not load dbt_project.yml
Profile loading failed for the following reason:
Runtime Error
  Credentials in profile "northwind", target "dev" invalid: Runtime Error
    Could not find adapter type POSTGRES!


[0m13:29:41.435081 [info ] [MainThread]: Project loading failed for the following reason:
 project path <E:\dbt_core_desafio_21_dias\dbt_project.yml> not found

[0m13:29:41.437084 [debug] [MainThread]: Command `dbt debug` failed at 13:29:41.437084 after 0.29 seconds
[0m13:29:41.438081 [debug] [MainThread]: Sending event: {'category': 'dbt', 'action': 'invocation', 'label': 'end', 'context': [<snowplow_tracker.self_describing_json.SelfDescribingJson object at 0x000002230AF9FFE0>, <snowplow_tracker.self_describing_json.SelfDescribingJson object at 0x000002230A8C3CE0>, <snowplow_tracker.self_describing_json.SelfDescribingJson object at 0x000002230A9DE570>]}
[0m13:29:41.439361 [debug] [MainThread]: Flushing usage events
[0m13:30:59.183152 [debug] [MainThread]: Sending event: {'category': 'dbt', 'action': 'invocation', 'label': 'start', 'context': [<snowplow_tracker.self_describing_json.SelfDescribingJson object at 0x0000014AE7E5F890>, <snowplow_tracker.self_describing_json.SelfDescribingJson object at 0x0000014AEA4C3500>, <snowplow_tracker.self_describing_json.SelfDescribingJson object at 0x0000014AEA4C2E70>]}


============================== 13:30:59.189641 | 1991f2bb-51c2-4ef9-bdf3-e3b8ffba463b ==============================
[0m13:30:59.189641 [info ] [MainThread]: Running with dbt=1.8.6
[0m13:30:59.190703 [debug] [MainThread]: running dbt with arguments {'printer_width': '80', 'indirect_selection': 'eager', 'log_cache_events': 'False', 'write_json': 'True', 'partial_parse': 'True', 'cache_selected_only': 'False', 'profiles_dir': 'C:\\Users\\Lucas Andrade\\.dbt', 'debug': 'False', 'fail_fast': 'False', 'log_path': 'logs', 'version_check': 'True', 'warn_error': 'None', 'use_colors': 'True', 'use_experimental_parser': 'False', 'empty': 'None', 'quiet': 'False', 'no_print': 'None', 'warn_error_options': 'WarnErrorOptions(include=[], exclude=[])', 'invocation_command': 'dbt debug', 'introspect': 'True', 'log_format': 'default', 'target_path': 'None', 'static_parser': 'True', 'send_anonymous_usage_stats': 'True'}
[0m13:30:59.226106 [info ] [MainThread]: dbt version: 1.8.6
[0m13:30:59.227644 [info ] [MainThread]: python version: 3.12.4
[0m13:30:59.228582 [info ] [MainThread]: python path: E:\VMs_python\dbt-21-dias\Scripts\python.exe
[0m13:30:59.229361 [info ] [MainThread]: os info: Windows-11-10.0.22631-SP0
[0m13:30:59.240429 [info ] [MainThread]: Error importing adapter: No module named 'dbt.adapters.POSTGRES'
[0m13:30:59.242506 [info ] [MainThread]: Using profiles dir at C:\Users\Lucas Andrade\.dbt
[0m13:30:59.243554 [info ] [MainThread]: Using profiles.yml file at C:\Users\Lucas Andrade\.dbt\profiles.yml
[0m13:30:59.244703 [info ] [MainThread]: Using dbt_project.yml file at E:\dbt_core_desafio_21_dias\dbt_project.yml
[0m13:30:59.246411 [info ] [MainThread]: Configuration:
[0m13:30:59.248084 [info ] [MainThread]:   profiles.yml file [[31mERROR invalid[0m]
[0m13:30:59.249182 [info ] [MainThread]:   dbt_project.yml file [[31mERROR not found[0m]
[0m13:30:59.253482 [info ] [MainThread]: Required dependencies:
[0m13:30:59.256941 [debug] [MainThread]: Executing "git --help"
[0m13:30:59.348179 [debug] [MainThread]: STDOUT: "b"usage: git [-v | --version] [-h | --help] [-C <path>] [-c <name>=<value>]\n           [--exec-path[=<path>]] [--html-path] [--man-path] [--info-path]\n           [-p | --paginate | -P | --no-pager] [--no-replace-objects] [--bare]\n           [--git-dir=<path>] [--work-tree=<path>] [--namespace=<name>]\n           [--config-env=<name>=<envvar>] <command> [<args>]\n\nThese are common Git commands used in various situations:\n\nstart a working area (see also: git help tutorial)\n   clone     Clone a repository into a new directory\n   init      Create an empty Git repository or reinitialize an existing one\n\nwork on the current change (see also: git help everyday)\n   add       Add file contents to the index\n   mv        Move or rename a file, a directory, or a symlink\n   restore   Restore working tree files\n   rm        Remove files from the working tree and from the index\n\nexamine the history and state (see also: git help revisions)\n   bisect    Use binary search to find the commit that introduced a bug\n   diff      Show changes between commits, commit and working tree, etc\n   grep      Print lines matching a pattern\n   log       Show commit logs\n   show      Show various types of objects\n   status    Show the working tree status\n\ngrow, mark and tweak your common history\n   branch    List, create, or delete branches\n   commit    Record changes to the repository\n   merge     Join two or more development histories together\n   rebase    Reapply commits on top of another base tip\n   reset     Reset current HEAD to the specified state\n   switch    Switch branches\n   tag       Create, list, delete or verify a tag object signed with GPG\n\ncollaborate (see also: git help workflows)\n   fetch     Download objects and refs from another repository\n   pull      Fetch from and integrate with another repository or a local branch\n   push      Update remote refs along with associated objects\n\n'git help -a' and 'git help -g' list available subcommands and some\nconcept guides. See 'git help <command>' or 'git help <concept>'\nto read about a specific subcommand or concept.\nSee 'git help git' for an overview of the system.\n""
[0m13:30:59.349278 [debug] [MainThread]: STDERR: "b''"
[0m13:30:59.349940 [info ] [MainThread]:  - git [[32mOK found[0m]

[0m13:30:59.351330 [info ] [MainThread]: Connection test skipped since no profile was found
[0m13:30:59.352398 [info ] [MainThread]: [31m2 checks failed:[0m
[0m13:30:59.353839 [info ] [MainThread]: Could not load dbt_project.yml
Profile loading failed for the following reason:
Runtime Error
  Credentials in profile "dbt_21_dias", target "dev" invalid: Runtime Error
    Could not find adapter type POSTGRES!


[0m13:30:59.355568 [info ] [MainThread]: Project loading failed for the following reason:
 project path <E:\dbt_core_desafio_21_dias\dbt_project.yml> not found

[0m13:30:59.358102 [debug] [MainThread]: Command `dbt debug` failed at 13:30:59.358102 after 0.35 seconds
[0m13:30:59.359103 [debug] [MainThread]: Sending event: {'category': 'dbt', 'action': 'invocation', 'label': 'end', 'context': [<snowplow_tracker.self_describing_json.SelfDescribingJson object at 0x0000014AEA07D5E0>, <snowplow_tracker.self_describing_json.SelfDescribingJson object at 0x0000014AEA80CBC0>, <snowplow_tracker.self_describing_json.SelfDescribingJson object at 0x0000014AE9A47140>]}
[0m13:30:59.360100 [debug] [MainThread]: Flushing usage events
[0m13:31:27.108451 [debug] [MainThread]: Sending event: {'category': 'dbt', 'action': 'invocation', 'label': 'start', 'context': [<snowplow_tracker.self_describing_json.SelfDescribingJson object at 0x000001D6B9113440>, <snowplow_tracker.self_describing_json.SelfDescribingJson object at 0x000001D6BB2CB8C0>, <snowplow_tracker.self_describing_json.SelfDescribingJson object at 0x000001D6BB2C96D0>]}


============================== 13:31:27.114452 | da0f8e65-4cc1-4ac1-932c-4cb093de45bd ==============================
[0m13:31:27.114452 [info ] [MainThread]: Running with dbt=1.8.6
[0m13:31:27.115454 [debug] [MainThread]: running dbt with arguments {'printer_width': '80', 'indirect_selection': 'eager', 'log_cache_events': 'False', 'write_json': 'True', 'partial_parse': 'True', 'cache_selected_only': 'False', 'warn_error': 'None', 'debug': 'False', 'profiles_dir': 'C:\\Users\\Lucas Andrade\\.dbt', 'log_path': 'logs', 'fail_fast': 'False', 'version_check': 'True', 'use_colors': 'True', 'use_experimental_parser': 'False', 'empty': 'None', 'quiet': 'False', 'no_print': 'None', 'warn_error_options': 'WarnErrorOptions(include=[], exclude=[])', 'static_parser': 'True', 'invocation_command': 'dbt debug', 'introspect': 'True', 'target_path': 'None', 'log_format': 'default', 'send_anonymous_usage_stats': 'True'}
[0m13:31:27.144450 [info ] [MainThread]: dbt version: 1.8.6
[0m13:31:27.145453 [info ] [MainThread]: python version: 3.12.4
[0m13:31:27.146452 [info ] [MainThread]: python path: E:\VMs_python\dbt-21-dias\Scripts\python.exe
[0m13:31:27.147456 [info ] [MainThread]: os info: Windows-11-10.0.22631-SP0
[0m13:31:27.155448 [info ] [MainThread]: Error importing adapter: No module named 'dbt.adapters.POSTGRES'
[0m13:31:27.156452 [info ] [MainThread]: Using profiles dir at C:\Users\Lucas Andrade\.dbt
[0m13:31:27.157454 [info ] [MainThread]: Using profiles.yml file at C:\Users\Lucas Andrade\.dbt\profiles.yml
[0m13:31:27.158455 [info ] [MainThread]: Using dbt_project.yml file at E:\dbt_core_desafio_21_dias\dbt_project.yml
[0m13:31:27.159452 [info ] [MainThread]: Configuration:
[0m13:31:27.160453 [info ] [MainThread]:   profiles.yml file [[31mERROR invalid[0m]
[0m13:31:27.161452 [info ] [MainThread]:   dbt_project.yml file [[31mERROR not found[0m]
[0m13:31:27.162453 [info ] [MainThread]: Required dependencies:
[0m13:31:27.163453 [debug] [MainThread]: Executing "git --help"
[0m13:31:27.205981 [debug] [MainThread]: STDOUT: "b"usage: git [-v | --version] [-h | --help] [-C <path>] [-c <name>=<value>]\n           [--exec-path[=<path>]] [--html-path] [--man-path] [--info-path]\n           [-p | --paginate | -P | --no-pager] [--no-replace-objects] [--bare]\n           [--git-dir=<path>] [--work-tree=<path>] [--namespace=<name>]\n           [--config-env=<name>=<envvar>] <command> [<args>]\n\nThese are common Git commands used in various situations:\n\nstart a working area (see also: git help tutorial)\n   clone     Clone a repository into a new directory\n   init      Create an empty Git repository or reinitialize an existing one\n\nwork on the current change (see also: git help everyday)\n   add       Add file contents to the index\n   mv        Move or rename a file, a directory, or a symlink\n   restore   Restore working tree files\n   rm        Remove files from the working tree and from the index\n\nexamine the history and state (see also: git help revisions)\n   bisect    Use binary search to find the commit that introduced a bug\n   diff      Show changes between commits, commit and working tree, etc\n   grep      Print lines matching a pattern\n   log       Show commit logs\n   show      Show various types of objects\n   status    Show the working tree status\n\ngrow, mark and tweak your common history\n   branch    List, create, or delete branches\n   commit    Record changes to the repository\n   merge     Join two or more development histories together\n   rebase    Reapply commits on top of another base tip\n   reset     Reset current HEAD to the specified state\n   switch    Switch branches\n   tag       Create, list, delete or verify a tag object signed with GPG\n\ncollaborate (see also: git help workflows)\n   fetch     Download objects and refs from another repository\n   pull      Fetch from and integrate with another repository or a local branch\n   push      Update remote refs along with associated objects\n\n'git help -a' and 'git help -g' list available subcommands and some\nconcept guides. See 'git help <command>' or 'git help <concept>'\nto read about a specific subcommand or concept.\nSee 'git help git' for an overview of the system.\n""
[0m13:31:27.206978 [debug] [MainThread]: STDERR: "b''"
[0m13:31:27.206978 [info ] [MainThread]:  - git [[32mOK found[0m]

[0m13:31:27.207980 [info ] [MainThread]: Connection test skipped since no profile was found
[0m13:31:27.208982 [info ] [MainThread]: [31m2 checks failed:[0m
[0m13:31:27.209981 [info ] [MainThread]: Could not load dbt_project.yml
Profile loading failed for the following reason:
Runtime Error
  Credentials in profile "Lucas_dbt", target "dev" invalid: Runtime Error
    Could not find adapter type POSTGRES!


[0m13:31:27.211980 [info ] [MainThread]: Project loading failed for the following reason:
 project path <E:\dbt_core_desafio_21_dias\dbt_project.yml> not found

[0m13:31:27.214982 [debug] [MainThread]: Command `dbt debug` failed at 13:31:27.214982 after 0.26 seconds
[0m13:31:27.215981 [debug] [MainThread]: Sending event: {'category': 'dbt', 'action': 'invocation', 'label': 'end', 'context': [<snowplow_tracker.self_describing_json.SelfDescribingJson object at 0x000001D6BBC3EEA0>, <snowplow_tracker.self_describing_json.SelfDescribingJson object at 0x000001D6BBD9FFE0>, <snowplow_tracker.self_describing_json.SelfDescribingJson object at 0x000001D6BB018500>]}
[0m13:31:27.216983 [debug] [MainThread]: Flushing usage events
[0m13:32:46.484479 [debug] [MainThread]: Sending event: {'category': 'dbt', 'action': 'invocation', 'label': 'start', 'context': [<snowplow_tracker.self_describing_json.SelfDescribingJson object at 0x0000027289ECC350>, <snowplow_tracker.self_describing_json.SelfDescribingJson object at 0x000002728A929E20>, <snowplow_tracker.self_describing_json.SelfDescribingJson object at 0x000002728AA05BE0>]}


============================== 13:32:46.490475 | 005d6cb1-9c3f-4e34-aec8-262f7fe3d6ca ==============================
[0m13:32:46.490475 [info ] [MainThread]: Running with dbt=1.8.6
[0m13:32:46.491773 [debug] [MainThread]: running dbt with arguments {'printer_width': '80', 'indirect_selection': 'eager', 'log_cache_events': 'False', 'write_json': 'True', 'partial_parse': 'True', 'cache_selected_only': 'False', 'warn_error': 'None', 'fail_fast': 'False', 'debug': 'False', 'log_path': 'logs', 'version_check': 'True', 'profiles_dir': 'C:\\Users\\Lucas Andrade\\.dbt', 'use_colors': 'True', 'use_experimental_parser': 'False', 'no_print': 'None', 'quiet': 'False', 'empty': 'None', 'warn_error_options': 'WarnErrorOptions(include=[], exclude=[])', 'invocation_command': 'dbt debug', 'static_parser': 'True', 'log_format': 'default', 'target_path': 'None', 'introspect': 'True', 'send_anonymous_usage_stats': 'True'}
[0m13:32:46.522291 [info ] [MainThread]: dbt version: 1.8.6
[0m13:32:46.523295 [info ] [MainThread]: python version: 3.12.4
[0m13:32:46.524329 [info ] [MainThread]: python path: E:\VMs_python\dbt-21-dias\Scripts\python.exe
[0m13:32:46.525630 [info ] [MainThread]: os info: Windows-11-10.0.22631-SP0
[0m13:32:46.679721 [info ] [MainThread]: Using profiles dir at C:\Users\Lucas Andrade\.dbt
[0m13:32:46.681725 [info ] [MainThread]: Using profiles.yml file at C:\Users\Lucas Andrade\.dbt\profiles.yml
[0m13:32:46.682726 [info ] [MainThread]: Using dbt_project.yml file at E:\dbt_core_desafio_21_dias\dbt_project.yml
[0m13:32:46.683727 [info ] [MainThread]: Configuration:
[0m13:32:46.683727 [info ] [MainThread]:   profiles.yml file [[31mERROR invalid[0m]
[0m13:32:46.684728 [info ] [MainThread]:   dbt_project.yml file [[31mERROR not found[0m]
[0m13:32:46.685729 [info ] [MainThread]: Required dependencies:
[0m13:32:46.687729 [debug] [MainThread]: Executing "git --help"
[0m13:32:46.728030 [debug] [MainThread]: STDOUT: "b"usage: git [-v | --version] [-h | --help] [-C <path>] [-c <name>=<value>]\n           [--exec-path[=<path>]] [--html-path] [--man-path] [--info-path]\n           [-p | --paginate | -P | --no-pager] [--no-replace-objects] [--bare]\n           [--git-dir=<path>] [--work-tree=<path>] [--namespace=<name>]\n           [--config-env=<name>=<envvar>] <command> [<args>]\n\nThese are common Git commands used in various situations:\n\nstart a working area (see also: git help tutorial)\n   clone     Clone a repository into a new directory\n   init      Create an empty Git repository or reinitialize an existing one\n\nwork on the current change (see also: git help everyday)\n   add       Add file contents to the index\n   mv        Move or rename a file, a directory, or a symlink\n   restore   Restore working tree files\n   rm        Remove files from the working tree and from the index\n\nexamine the history and state (see also: git help revisions)\n   bisect    Use binary search to find the commit that introduced a bug\n   diff      Show changes between commits, commit and working tree, etc\n   grep      Print lines matching a pattern\n   log       Show commit logs\n   show      Show various types of objects\n   status    Show the working tree status\n\ngrow, mark and tweak your common history\n   branch    List, create, or delete branches\n   commit    Record changes to the repository\n   merge     Join two or more development histories together\n   rebase    Reapply commits on top of another base tip\n   reset     Reset current HEAD to the specified state\n   switch    Switch branches\n   tag       Create, list, delete or verify a tag object signed with GPG\n\ncollaborate (see also: git help workflows)\n   fetch     Download objects and refs from another repository\n   pull      Fetch from and integrate with another repository or a local branch\n   push      Update remote refs along with associated objects\n\n'git help -a' and 'git help -g' list available subcommands and some\nconcept guides. See 'git help <command>' or 'git help <concept>'\nto read about a specific subcommand or concept.\nSee 'git help git' for an overview of the system.\n""
[0m13:32:46.730031 [debug] [MainThread]: STDERR: "b''"
[0m13:32:46.730031 [info ] [MainThread]:  - git [[32mOK found[0m]

[0m13:32:46.732032 [info ] [MainThread]: Connection test skipped since no profile was found
[0m13:32:46.733034 [info ] [MainThread]: [31m2 checks failed:[0m
[0m13:32:46.733034 [info ] [MainThread]: Could not load dbt_project.yml
Profile loading failed for the following reason:
Runtime Error
  Credentials in profile "Lucas_dbt", target "dev" invalid: 12345678 is not of type 'string'


[0m13:32:46.735031 [info ] [MainThread]: Project loading failed for the following reason:
 project path <E:\dbt_core_desafio_21_dias\dbt_project.yml> not found

[0m13:32:46.737033 [debug] [MainThread]: Command `dbt debug` failed at 13:32:46.737033 after 0.40 seconds
[0m13:32:46.738027 [debug] [MainThread]: Sending event: {'category': 'dbt', 'action': 'invocation', 'label': 'end', 'context': [<snowplow_tracker.self_describing_json.SelfDescribingJson object at 0x000002728AB84A40>, <snowplow_tracker.self_describing_json.SelfDescribingJson object at 0x000002728AB873B0>, <snowplow_tracker.self_describing_json.SelfDescribingJson object at 0x000002728A54F350>]}
[0m13:32:46.739029 [debug] [MainThread]: Flushing usage events
[0m13:33:00.367416 [debug] [MainThread]: Sending event: {'category': 'dbt', 'action': 'invocation', 'label': 'start', 'context': [<snowplow_tracker.self_describing_json.SelfDescribingJson object at 0x0000015A050EAEA0>, <snowplow_tracker.self_describing_json.SelfDescribingJson object at 0x0000015A0701BCB0>, <snowplow_tracker.self_describing_json.SelfDescribingJson object at 0x0000015A0701BD70>]}


============================== 13:33:00.372412 | 7544bf53-280a-43fc-b712-063178c15743 ==============================
[0m13:33:00.372412 [info ] [MainThread]: Running with dbt=1.8.6
[0m13:33:00.373923 [debug] [MainThread]: running dbt with arguments {'printer_width': '80', 'indirect_selection': 'eager', 'write_json': 'True', 'log_cache_events': 'False', 'partial_parse': 'True', 'cache_selected_only': 'False', 'warn_error': 'None', 'fail_fast': 'False', 'version_check': 'True', 'log_path': 'logs', 'debug': 'False', 'profiles_dir': 'C:\\Users\\Lucas Andrade\\.dbt', 'use_colors': 'True', 'use_experimental_parser': 'False', 'empty': 'None', 'quiet': 'False', 'no_print': 'None', 'log_format': 'default', 'invocation_command': 'dbt init', 'static_parser': 'True', 'warn_error_options': 'WarnErrorOptions(include=[], exclude=[])', 'target_path': 'None', 'introspect': 'True', 'send_anonymous_usage_stats': 'True'}
[0m13:33:35.863937 [debug] [MainThread]: Starter project path: E:\VMs_python\dbt-21-dias\Lib\site-packages\dbt\include\starter_project
[0m13:33:35.888935 [info ] [MainThread]: 
Your new dbt project "dbt_21_dias_project" was created!

For more information on how to configure the profiles.yml file,
please consult the dbt documentation here:

  https://docs.getdbt.com/docs/configure-your-profile

One more thing:

Need help? Don't hesitate to reach out to us via GitHub issues or on Slack:

  https://community.getdbt.com/

Happy modeling!

[0m13:33:35.891934 [info ] [MainThread]: Setting up your profile.
[0m13:35:35.029453 [info ] [MainThread]: Profile dbt_21_dias_project written to C:\Users\Lucas Andrade\.dbt\profiles.yml using target's profile_template.yml and your supplied values. Run 'dbt debug' to validate the connection.
[0m13:35:35.034459 [debug] [MainThread]: Command `dbt init` succeeded at 13:35:35.033454 after 154.81 seconds
[0m13:35:35.035451 [debug] [MainThread]: Sending event: {'category': 'dbt', 'action': 'invocation', 'label': 'end', 'context': [<snowplow_tracker.self_describing_json.SelfDescribingJson object at 0x0000015A050EAEA0>, <snowplow_tracker.self_describing_json.SelfDescribingJson object at 0x0000015A07A28440>, <snowplow_tracker.self_describing_json.SelfDescribingJson object at 0x0000015A07718DA0>]}
[0m13:35:35.035451 [debug] [MainThread]: Flushing usage events
[0m13:35:44.477561 [debug] [MainThread]: Sending event: {'category': 'dbt', 'action': 'invocation', 'label': 'start', 'context': [<snowplow_tracker.self_describing_json.SelfDescribingJson object at 0x0000021E4117B140>, <snowplow_tracker.self_describing_json.SelfDescribingJson object at 0x0000021E432C5250>, <snowplow_tracker.self_describing_json.SelfDescribingJson object at 0x0000021E432C4CB0>]}


============================== 13:35:44.483558 | a0bdcd6c-91d2-44de-9123-895dd71e496f ==============================
[0m13:35:44.483558 [info ] [MainThread]: Running with dbt=1.8.6
[0m13:35:44.484560 [debug] [MainThread]: running dbt with arguments {'printer_width': '80', 'indirect_selection': 'eager', 'log_cache_events': 'False', 'write_json': 'True', 'partial_parse': 'True', 'cache_selected_only': 'False', 'warn_error': 'None', 'debug': 'False', 'fail_fast': 'False', 'log_path': 'logs', 'profiles_dir': 'C:\\Users\\Lucas Andrade\\.dbt', 'version_check': 'True', 'use_colors': 'True', 'use_experimental_parser': 'False', 'empty': 'None', 'quiet': 'False', 'no_print': 'None', 'log_format': 'default', 'invocation_command': 'dbt debug', 'static_parser': 'True', 'warn_error_options': 'WarnErrorOptions(include=[], exclude=[])', 'target_path': 'None', 'introspect': 'True', 'send_anonymous_usage_stats': 'True'}
[0m13:35:44.514562 [info ] [MainThread]: dbt version: 1.8.6
[0m13:35:44.515560 [info ] [MainThread]: python version: 3.12.4
[0m13:35:44.516565 [info ] [MainThread]: python path: E:\VMs_python\dbt-21-dias\Scripts\python.exe
[0m13:35:44.518563 [info ] [MainThread]: os info: Windows-11-10.0.22631-SP0
[0m13:35:44.643740 [info ] [MainThread]: Using profiles dir at C:\Users\Lucas Andrade\.dbt
[0m13:35:44.644745 [info ] [MainThread]: Using profiles.yml file at C:\Users\Lucas Andrade\.dbt\profiles.yml
[0m13:35:44.645757 [info ] [MainThread]: Using dbt_project.yml file at E:\dbt_core_desafio_21_dias\dbt_project.yml
[0m13:35:44.646756 [info ] [MainThread]: Configuration:
[0m13:35:44.647922 [info ] [MainThread]:   profiles.yml file [[31mERROR invalid[0m]
[0m13:35:44.648434 [info ] [MainThread]:   dbt_project.yml file [[31mERROR not found[0m]
[0m13:35:44.649447 [info ] [MainThread]: Required dependencies:
[0m13:35:44.651449 [debug] [MainThread]: Executing "git --help"
[0m13:35:44.692615 [debug] [MainThread]: STDOUT: "b"usage: git [-v | --version] [-h | --help] [-C <path>] [-c <name>=<value>]\n           [--exec-path[=<path>]] [--html-path] [--man-path] [--info-path]\n           [-p | --paginate | -P | --no-pager] [--no-replace-objects] [--bare]\n           [--git-dir=<path>] [--work-tree=<path>] [--namespace=<name>]\n           [--config-env=<name>=<envvar>] <command> [<args>]\n\nThese are common Git commands used in various situations:\n\nstart a working area (see also: git help tutorial)\n   clone     Clone a repository into a new directory\n   init      Create an empty Git repository or reinitialize an existing one\n\nwork on the current change (see also: git help everyday)\n   add       Add file contents to the index\n   mv        Move or rename a file, a directory, or a symlink\n   restore   Restore working tree files\n   rm        Remove files from the working tree and from the index\n\nexamine the history and state (see also: git help revisions)\n   bisect    Use binary search to find the commit that introduced a bug\n   diff      Show changes between commits, commit and working tree, etc\n   grep      Print lines matching a pattern\n   log       Show commit logs\n   show      Show various types of objects\n   status    Show the working tree status\n\ngrow, mark and tweak your common history\n   branch    List, create, or delete branches\n   commit    Record changes to the repository\n   merge     Join two or more development histories together\n   rebase    Reapply commits on top of another base tip\n   reset     Reset current HEAD to the specified state\n   switch    Switch branches\n   tag       Create, list, delete or verify a tag object signed with GPG\n\ncollaborate (see also: git help workflows)\n   fetch     Download objects and refs from another repository\n   pull      Fetch from and integrate with another repository or a local branch\n   push      Update remote refs along with associated objects\n\n'git help -a' and 'git help -g' list available subcommands and some\nconcept guides. See 'git help <command>' or 'git help <concept>'\nto read about a specific subcommand or concept.\nSee 'git help git' for an overview of the system.\n""
[0m13:35:44.693612 [debug] [MainThread]: STDERR: "b''"
[0m13:35:44.694613 [info ] [MainThread]:  - git [[32mOK found[0m]

[0m13:35:44.695614 [info ] [MainThread]: Connection test skipped since no profile was found
[0m13:35:44.696613 [info ] [MainThread]: [31m2 checks failed:[0m
[0m13:35:44.697612 [info ] [MainThread]: Could not load dbt_project.yml
Profile loading failed for the following reason:
Runtime Error
  Credentials in profile "Lucas_dbt", target "dev" invalid: 12345678 is not of type 'string'


[0m13:35:44.698611 [info ] [MainThread]: Project loading failed for the following reason:
 project path <E:\dbt_core_desafio_21_dias\dbt_project.yml> not found

[0m13:35:44.701618 [debug] [MainThread]: Command `dbt debug` failed at 13:35:44.700616 after 0.44 seconds
[0m13:35:44.701618 [debug] [MainThread]: Sending event: {'category': 'dbt', 'action': 'invocation', 'label': 'end', 'context': [<snowplow_tracker.self_describing_json.SelfDescribingJson object at 0x0000021E4117B140>, <snowplow_tracker.self_describing_json.SelfDescribingJson object at 0x0000021E43EBADE0>, <snowplow_tracker.self_describing_json.SelfDescribingJson object at 0x0000021E43AEE7E0>]}
[0m13:35:44.702611 [debug] [MainThread]: Flushing usage events
[0m13:36:03.938594 [debug] [MainThread]: Sending event: {'category': 'dbt', 'action': 'invocation', 'label': 'start', 'context': [<snowplow_tracker.self_describing_json.SelfDescribingJson object at 0x0000014F282B7590>, <snowplow_tracker.self_describing_json.SelfDescribingJson object at 0x0000014F2A8F2ED0>, <snowplow_tracker.self_describing_json.SelfDescribingJson object at 0x0000014F2A8F15B0>]}


============================== 13:36:03.944180 | e8eb4b52-2c1f-4337-9d02-cf4c0e11f9aa ==============================
[0m13:36:03.944180 [info ] [MainThread]: Running with dbt=1.8.6
[0m13:36:03.945182 [debug] [MainThread]: running dbt with arguments {'printer_width': '80', 'indirect_selection': 'eager', 'write_json': 'True', 'log_cache_events': 'False', 'partial_parse': 'True', 'cache_selected_only': 'False', 'warn_error': 'None', 'fail_fast': 'False', 'profiles_dir': 'C:\\Users\\Lucas Andrade\\.dbt', 'log_path': 'logs', 'debug': 'False', 'version_check': 'True', 'use_colors': 'True', 'use_experimental_parser': 'False', 'no_print': 'None', 'quiet': 'False', 'empty': 'None', 'log_format': 'default', 'introspect': 'True', 'warn_error_options': 'WarnErrorOptions(include=[], exclude=[])', 'invocation_command': 'dbt debug', 'target_path': 'None', 'static_parser': 'True', 'send_anonymous_usage_stats': 'True'}
[0m13:36:03.976185 [info ] [MainThread]: dbt version: 1.8.6
[0m13:36:03.977182 [info ] [MainThread]: python version: 3.12.4
[0m13:36:03.978187 [info ] [MainThread]: python path: E:\VMs_python\dbt-21-dias\Scripts\python.exe
[0m13:36:03.979188 [info ] [MainThread]: os info: Windows-11-10.0.22631-SP0
[0m13:36:04.106508 [info ] [MainThread]: Using profiles dir at C:\Users\Lucas Andrade\.dbt
[0m13:36:04.107511 [info ] [MainThread]: Using profiles.yml file at C:\Users\Lucas Andrade\.dbt\profiles.yml
[0m13:36:04.108515 [info ] [MainThread]: Using dbt_project.yml file at E:\dbt_core_desafio_21_dias\dbt_project.yml
[0m13:36:04.110514 [info ] [MainThread]: adapter type: postgres
[0m13:36:04.111515 [info ] [MainThread]: adapter version: 1.8.2
[0m13:36:04.112513 [info ] [MainThread]: Configuration:
[0m13:36:04.114512 [info ] [MainThread]:   profiles.yml file [[32mOK found and valid[0m]
[0m13:36:04.115513 [info ] [MainThread]:   dbt_project.yml file [[31mERROR not found[0m]
[0m13:36:04.116512 [info ] [MainThread]: Required dependencies:
[0m13:36:04.117513 [debug] [MainThread]: Executing "git --help"
[0m13:36:04.160195 [debug] [MainThread]: STDOUT: "b"usage: git [-v | --version] [-h | --help] [-C <path>] [-c <name>=<value>]\n           [--exec-path[=<path>]] [--html-path] [--man-path] [--info-path]\n           [-p | --paginate | -P | --no-pager] [--no-replace-objects] [--bare]\n           [--git-dir=<path>] [--work-tree=<path>] [--namespace=<name>]\n           [--config-env=<name>=<envvar>] <command> [<args>]\n\nThese are common Git commands used in various situations:\n\nstart a working area (see also: git help tutorial)\n   clone     Clone a repository into a new directory\n   init      Create an empty Git repository or reinitialize an existing one\n\nwork on the current change (see also: git help everyday)\n   add       Add file contents to the index\n   mv        Move or rename a file, a directory, or a symlink\n   restore   Restore working tree files\n   rm        Remove files from the working tree and from the index\n\nexamine the history and state (see also: git help revisions)\n   bisect    Use binary search to find the commit that introduced a bug\n   diff      Show changes between commits, commit and working tree, etc\n   grep      Print lines matching a pattern\n   log       Show commit logs\n   show      Show various types of objects\n   status    Show the working tree status\n\ngrow, mark and tweak your common history\n   branch    List, create, or delete branches\n   commit    Record changes to the repository\n   merge     Join two or more development histories together\n   rebase    Reapply commits on top of another base tip\n   reset     Reset current HEAD to the specified state\n   switch    Switch branches\n   tag       Create, list, delete or verify a tag object signed with GPG\n\ncollaborate (see also: git help workflows)\n   fetch     Download objects and refs from another repository\n   pull      Fetch from and integrate with another repository or a local branch\n   push      Update remote refs along with associated objects\n\n'git help -a' and 'git help -g' list available subcommands and some\nconcept guides. See 'git help <command>' or 'git help <concept>'\nto read about a specific subcommand or concept.\nSee 'git help git' for an overview of the system.\n""
[0m13:36:04.161194 [debug] [MainThread]: STDERR: "b''"
[0m13:36:04.161194 [info ] [MainThread]:  - git [[32mOK found[0m]

[0m13:36:04.162196 [info ] [MainThread]: Connection:
[0m13:36:04.163195 [info ] [MainThread]:   host: localhost
[0m13:36:04.164196 [info ] [MainThread]:   port: 5611
[0m13:36:04.165196 [info ] [MainThread]:   user: Lucas
[0m13:36:04.166207 [info ] [MainThread]:   database: dbt_21_dias
[0m13:36:04.166207 [info ] [MainThread]:   schema: public
[0m13:36:04.167208 [info ] [MainThread]:   connect_timeout: 10
[0m13:36:04.168210 [info ] [MainThread]:   role: None
[0m13:36:04.169205 [info ] [MainThread]:   search_path: None
[0m13:36:04.170205 [info ] [MainThread]:   keepalives_idle: 0
[0m13:36:04.171206 [info ] [MainThread]:   sslmode: None
[0m13:36:04.172207 [info ] [MainThread]:   sslcert: None
[0m13:36:04.174208 [info ] [MainThread]:   sslkey: None
[0m13:36:04.175207 [info ] [MainThread]:   sslrootcert: None
[0m13:36:04.176206 [info ] [MainThread]:   application_name: dbt
[0m13:36:04.177207 [info ] [MainThread]:   retries: 1
[0m13:36:04.178208 [info ] [MainThread]: Registered adapter: postgres=1.8.2
[0m13:36:04.179207 [debug] [MainThread]: Acquiring new postgres connection 'debug'
[0m13:36:06.900506 [debug] [MainThread]: Using postgres connection "debug"
[0m13:36:06.901505 [debug] [MainThread]: On debug: select 1 as id
[0m13:36:06.902508 [debug] [MainThread]: Opening a new connection, currently in state init
[0m13:36:06.943064 [debug] [MainThread]: Postgres adapter: Got a retryable error when attempting to open a postgres connection.
1 attempts remaining. Retrying in 0 seconds.
Error:
connection to server at "localhost" (::1), port 5611 failed: FATAL:  password authentication failed for user "Lucas"

[0m13:36:06.960542 [debug] [MainThread]: Postgres adapter: Error running SQL: select 1 as id
[0m13:36:06.961050 [debug] [MainThread]: Postgres adapter: Rolling back transaction.
[0m13:36:06.962061 [debug] [MainThread]: On debug: No close available on handle
[0m13:36:06.963260 [info ] [MainThread]:   Connection test: [[31mERROR[0m]

[0m13:36:06.964367 [info ] [MainThread]: [31m2 checks failed:[0m
[0m13:36:06.964903 [info ] [MainThread]: Project loading failed for the following reason:
 project path <E:\dbt_core_desafio_21_dias\dbt_project.yml> not found

[0m13:36:06.965961 [info ] [MainThread]: dbt was unable to connect to the specified database.
The database returned the following error:

  >Database Error
  connection to server at "localhost" (::1), port 5611 failed: FATAL:  password authentication failed for user "Lucas"
  

Check your database credentials and try again. For more information, visit:
https://docs.getdbt.com/docs/configure-your-profile


[0m13:36:06.969159 [debug] [MainThread]: Command `dbt debug` failed at 13:36:06.969159 after 3.18 seconds
[0m13:36:06.969699 [debug] [MainThread]: Connection 'debug' was properly closed.
[0m13:36:06.970780 [debug] [MainThread]: Sending event: {'category': 'dbt', 'action': 'invocation', 'label': 'end', 'context': [<snowplow_tracker.self_describing_json.SelfDescribingJson object at 0x0000014F282B7590>, <snowplow_tracker.self_describing_json.SelfDescribingJson object at 0x0000014F24D5F9B0>, <snowplow_tracker.self_describing_json.SelfDescribingJson object at 0x0000014F2A8B8800>]}
[0m13:36:06.971442 [debug] [MainThread]: Flushing usage events
[0m13:37:35.473851 [debug] [MainThread]: Sending event: {'category': 'dbt', 'action': 'invocation', 'label': 'start', 'context': [<snowplow_tracker.self_describing_json.SelfDescribingJson object at 0x0000026B5E428FB0>, <snowplow_tracker.self_describing_json.SelfDescribingJson object at 0x0000026B5BA09FD0>, <snowplow_tracker.self_describing_json.SelfDescribingJson object at 0x0000026B5BEE2DB0>]}


============================== 13:37:35.478853 | ca767557-077b-43cf-af59-f969926168bd ==============================
[0m13:37:35.478853 [info ] [MainThread]: Running with dbt=1.8.6
[0m13:37:35.480854 [debug] [MainThread]: running dbt with arguments {'printer_width': '80', 'indirect_selection': 'eager', 'log_cache_events': 'False', 'write_json': 'True', 'partial_parse': 'True', 'cache_selected_only': 'False', 'profiles_dir': 'C:\\Users\\Lucas Andrade\\.dbt', 'version_check': 'True', 'debug': 'False', 'log_path': 'logs', 'warn_error': 'None', 'fail_fast': 'False', 'use_colors': 'True', 'use_experimental_parser': 'False', 'empty': 'None', 'quiet': 'False', 'no_print': 'None', 'warn_error_options': 'WarnErrorOptions(include=[], exclude=[])', 'invocation_command': 'dbt debug', 'log_format': 'default', 'introspect': 'True', 'target_path': 'None', 'static_parser': 'True', 'send_anonymous_usage_stats': 'True'}
[0m13:37:35.511146 [info ] [MainThread]: dbt version: 1.8.6
[0m13:37:35.512143 [info ] [MainThread]: python version: 3.12.4
[0m13:37:35.514145 [info ] [MainThread]: python path: E:\VMs_python\dbt-21-dias\Scripts\python.exe
[0m13:37:35.514145 [info ] [MainThread]: os info: Windows-11-10.0.22631-SP0
[0m13:37:35.634680 [info ] [MainThread]: Using profiles dir at C:\Users\Lucas Andrade\.dbt
[0m13:37:35.635679 [info ] [MainThread]: Using profiles.yml file at C:\Users\Lucas Andrade\.dbt\profiles.yml
[0m13:37:35.636679 [info ] [MainThread]: Using dbt_project.yml file at E:\dbt_core_desafio_21_dias\dbt_project.yml
[0m13:37:35.639680 [info ] [MainThread]: adapter type: postgres
[0m13:37:35.640680 [info ] [MainThread]: adapter version: 1.8.2
[0m13:37:35.642676 [info ] [MainThread]: Configuration:
[0m13:37:35.643676 [info ] [MainThread]:   profiles.yml file [[32mOK found and valid[0m]
[0m13:37:35.644676 [info ] [MainThread]:   dbt_project.yml file [[31mERROR not found[0m]
[0m13:37:35.646682 [info ] [MainThread]: Required dependencies:
[0m13:37:35.647679 [debug] [MainThread]: Executing "git --help"
[0m13:37:35.688217 [debug] [MainThread]: STDOUT: "b"usage: git [-v | --version] [-h | --help] [-C <path>] [-c <name>=<value>]\n           [--exec-path[=<path>]] [--html-path] [--man-path] [--info-path]\n           [-p | --paginate | -P | --no-pager] [--no-replace-objects] [--bare]\n           [--git-dir=<path>] [--work-tree=<path>] [--namespace=<name>]\n           [--config-env=<name>=<envvar>] <command> [<args>]\n\nThese are common Git commands used in various situations:\n\nstart a working area (see also: git help tutorial)\n   clone     Clone a repository into a new directory\n   init      Create an empty Git repository or reinitialize an existing one\n\nwork on the current change (see also: git help everyday)\n   add       Add file contents to the index\n   mv        Move or rename a file, a directory, or a symlink\n   restore   Restore working tree files\n   rm        Remove files from the working tree and from the index\n\nexamine the history and state (see also: git help revisions)\n   bisect    Use binary search to find the commit that introduced a bug\n   diff      Show changes between commits, commit and working tree, etc\n   grep      Print lines matching a pattern\n   log       Show commit logs\n   show      Show various types of objects\n   status    Show the working tree status\n\ngrow, mark and tweak your common history\n   branch    List, create, or delete branches\n   commit    Record changes to the repository\n   merge     Join two or more development histories together\n   rebase    Reapply commits on top of another base tip\n   reset     Reset current HEAD to the specified state\n   switch    Switch branches\n   tag       Create, list, delete or verify a tag object signed with GPG\n\ncollaborate (see also: git help workflows)\n   fetch     Download objects and refs from another repository\n   pull      Fetch from and integrate with another repository or a local branch\n   push      Update remote refs along with associated objects\n\n'git help -a' and 'git help -g' list available subcommands and some\nconcept guides. See 'git help <command>' or 'git help <concept>'\nto read about a specific subcommand or concept.\nSee 'git help git' for an overview of the system.\n""
[0m13:37:35.689215 [debug] [MainThread]: STDERR: "b''"
[0m13:37:35.690225 [info ] [MainThread]:  - git [[32mOK found[0m]

[0m13:37:35.691219 [info ] [MainThread]: Connection:
[0m13:37:35.692220 [info ] [MainThread]:   host: localhost
[0m13:37:35.693230 [info ] [MainThread]:   port: 5611
[0m13:37:35.694234 [info ] [MainThread]:   user: Lucas
[0m13:37:35.695231 [info ] [MainThread]:   database: dbt_21_dias
[0m13:37:35.696233 [info ] [MainThread]:   schema: public
[0m13:37:35.697234 [info ] [MainThread]:   connect_timeout: 10
[0m13:37:35.698231 [info ] [MainThread]:   role: None
[0m13:37:35.699231 [info ] [MainThread]:   search_path: None
[0m13:37:35.699231 [info ] [MainThread]:   keepalives_idle: 0
[0m13:37:35.700231 [info ] [MainThread]:   sslmode: None
[0m13:37:35.701230 [info ] [MainThread]:   sslcert: None
[0m13:37:35.702233 [info ] [MainThread]:   sslkey: None
[0m13:37:35.703232 [info ] [MainThread]:   sslrootcert: None
[0m13:37:35.704231 [info ] [MainThread]:   application_name: dbt
[0m13:37:35.705052 [info ] [MainThread]:   retries: 1
[0m13:37:35.706066 [info ] [MainThread]: Registered adapter: postgres=1.8.2
[0m13:37:35.707577 [debug] [MainThread]: Acquiring new postgres connection 'debug'
[0m13:37:35.852107 [debug] [MainThread]: Using postgres connection "debug"
[0m13:37:35.853106 [debug] [MainThread]: On debug: select 1 as id
[0m13:37:35.853106 [debug] [MainThread]: Opening a new connection, currently in state init
[0m13:37:35.876109 [debug] [MainThread]: Postgres adapter: Got a retryable error when attempting to open a postgres connection.
1 attempts remaining. Retrying in 0 seconds.
Error:
connection to server at "localhost" (::1), port 5611 failed: FATAL:  password authentication failed for user "Lucas"

[0m13:37:35.893394 [debug] [MainThread]: Postgres adapter: Error running SQL: select 1 as id
[0m13:37:35.894396 [debug] [MainThread]: Postgres adapter: Rolling back transaction.
[0m13:37:35.895804 [debug] [MainThread]: On debug: No close available on handle
[0m13:37:35.896312 [info ] [MainThread]:   Connection test: [[31mERROR[0m]

[0m13:37:35.897386 [info ] [MainThread]: [31m2 checks failed:[0m
[0m13:37:35.898519 [info ] [MainThread]: Project loading failed for the following reason:
 project path <E:\dbt_core_desafio_21_dias\dbt_project.yml> not found

[0m13:37:35.900090 [info ] [MainThread]: dbt was unable to connect to the specified database.
The database returned the following error:

  >Database Error
  connection to server at "localhost" (::1), port 5611 failed: FATAL:  password authentication failed for user "Lucas"
  

Check your database credentials and try again. For more information, visit:
https://docs.getdbt.com/docs/configure-your-profile


[0m13:37:35.902746 [debug] [MainThread]: Command `dbt debug` failed at 13:37:35.902746 after 0.63 seconds
[0m13:37:35.903788 [debug] [MainThread]: Connection 'debug' was properly closed.
[0m13:37:35.904315 [debug] [MainThread]: Sending event: {'category': 'dbt', 'action': 'invocation', 'label': 'end', 'context': [<snowplow_tracker.self_describing_json.SelfDescribingJson object at 0x0000026B5E428FB0>, <snowplow_tracker.self_describing_json.SelfDescribingJson object at 0x0000026B5E5658E0>, <snowplow_tracker.self_describing_json.SelfDescribingJson object at 0x0000026B5DFE3C80>]}
[0m13:37:35.904840 [debug] [MainThread]: Flushing usage events
[0m13:39:00.635302 [debug] [MainThread]: Sending event: {'category': 'dbt', 'action': 'invocation', 'label': 'start', 'context': [<snowplow_tracker.self_describing_json.SelfDescribingJson object at 0x000001EB03407320>, <snowplow_tracker.self_describing_json.SelfDescribingJson object at 0x000001EB0561CFE0>, <snowplow_tracker.self_describing_json.SelfDescribingJson object at 0x000001EB0561D400>]}


============================== 13:39:00.641299 | 5850db34-9da7-4f39-ae43-ec635476058b ==============================
[0m13:39:00.641299 [info ] [MainThread]: Running with dbt=1.8.6
[0m13:39:00.642305 [debug] [MainThread]: running dbt with arguments {'printer_width': '80', 'indirect_selection': 'eager', 'write_json': 'True', 'log_cache_events': 'False', 'partial_parse': 'True', 'cache_selected_only': 'False', 'warn_error': 'None', 'fail_fast': 'False', 'debug': 'False', 'log_path': 'logs', 'version_check': 'True', 'profiles_dir': 'C:\\Users\\Lucas Andrade\\.dbt', 'use_colors': 'True', 'use_experimental_parser': 'False', 'no_print': 'None', 'quiet': 'False', 'empty': 'None', 'log_format': 'default', 'static_parser': 'True', 'introspect': 'True', 'invocation_command': 'dbt debug', 'target_path': 'None', 'warn_error_options': 'WarnErrorOptions(include=[], exclude=[])', 'send_anonymous_usage_stats': 'True'}
[0m13:39:00.675671 [info ] [MainThread]: dbt version: 1.8.6
[0m13:39:00.676731 [info ] [MainThread]: python version: 3.12.4
[0m13:39:00.677356 [info ] [MainThread]: python path: E:\VMs_python\dbt-21-dias\Scripts\python.exe
[0m13:39:00.678406 [info ] [MainThread]: os info: Windows-11-10.0.22631-SP0
[0m13:39:00.803560 [info ] [MainThread]: Using profiles dir at C:\Users\Lucas Andrade\.dbt
[0m13:39:00.804564 [info ] [MainThread]: Using profiles.yml file at C:\Users\Lucas Andrade\.dbt\profiles.yml
[0m13:39:00.805567 [info ] [MainThread]: Using dbt_project.yml file at E:\dbt_core_desafio_21_dias\dbt_project.yml
[0m13:39:00.807565 [info ] [MainThread]: adapter type: postgres
[0m13:39:00.808565 [info ] [MainThread]: adapter version: 1.8.2
[0m13:39:00.810568 [info ] [MainThread]: Configuration:
[0m13:39:00.812566 [info ] [MainThread]:   profiles.yml file [[32mOK found and valid[0m]
[0m13:39:00.813562 [info ] [MainThread]:   dbt_project.yml file [[31mERROR not found[0m]
[0m13:39:00.814566 [info ] [MainThread]: Required dependencies:
[0m13:39:00.815565 [debug] [MainThread]: Executing "git --help"
[0m13:39:00.855563 [debug] [MainThread]: STDOUT: "b"usage: git [-v | --version] [-h | --help] [-C <path>] [-c <name>=<value>]\n           [--exec-path[=<path>]] [--html-path] [--man-path] [--info-path]\n           [-p | --paginate | -P | --no-pager] [--no-replace-objects] [--bare]\n           [--git-dir=<path>] [--work-tree=<path>] [--namespace=<name>]\n           [--config-env=<name>=<envvar>] <command> [<args>]\n\nThese are common Git commands used in various situations:\n\nstart a working area (see also: git help tutorial)\n   clone     Clone a repository into a new directory\n   init      Create an empty Git repository or reinitialize an existing one\n\nwork on the current change (see also: git help everyday)\n   add       Add file contents to the index\n   mv        Move or rename a file, a directory, or a symlink\n   restore   Restore working tree files\n   rm        Remove files from the working tree and from the index\n\nexamine the history and state (see also: git help revisions)\n   bisect    Use binary search to find the commit that introduced a bug\n   diff      Show changes between commits, commit and working tree, etc\n   grep      Print lines matching a pattern\n   log       Show commit logs\n   show      Show various types of objects\n   status    Show the working tree status\n\ngrow, mark and tweak your common history\n   branch    List, create, or delete branches\n   commit    Record changes to the repository\n   merge     Join two or more development histories together\n   rebase    Reapply commits on top of another base tip\n   reset     Reset current HEAD to the specified state\n   switch    Switch branches\n   tag       Create, list, delete or verify a tag object signed with GPG\n\ncollaborate (see also: git help workflows)\n   fetch     Download objects and refs from another repository\n   pull      Fetch from and integrate with another repository or a local branch\n   push      Update remote refs along with associated objects\n\n'git help -a' and 'git help -g' list available subcommands and some\nconcept guides. See 'git help <command>' or 'git help <concept>'\nto read about a specific subcommand or concept.\nSee 'git help git' for an overview of the system.\n""
[0m13:39:00.856560 [debug] [MainThread]: STDERR: "b''"
[0m13:39:00.856560 [info ] [MainThread]:  - git [[32mOK found[0m]

[0m13:39:00.857562 [info ] [MainThread]: Connection:
[0m13:39:00.858563 [info ] [MainThread]:   host: localhost
[0m13:39:00.859563 [info ] [MainThread]:   port: 5611
[0m13:39:00.860562 [info ] [MainThread]:   user: Lucas
[0m13:39:00.861564 [info ] [MainThread]:   database: dbt_21_dias
[0m13:39:00.861564 [info ] [MainThread]:   schema: public
[0m13:39:00.862565 [info ] [MainThread]:   connect_timeout: 10
[0m13:39:00.863563 [info ] [MainThread]:   role: None
[0m13:39:00.864569 [info ] [MainThread]:   search_path: None
[0m13:39:00.866564 [info ] [MainThread]:   keepalives_idle: 0
[0m13:39:00.867566 [info ] [MainThread]:   sslmode: None
[0m13:39:00.868566 [info ] [MainThread]:   sslcert: None
[0m13:39:00.869568 [info ] [MainThread]:   sslkey: None
[0m13:39:00.870565 [info ] [MainThread]:   sslrootcert: None
[0m13:39:00.871564 [info ] [MainThread]:   application_name: dbt
[0m13:39:00.872565 [info ] [MainThread]:   retries: 1
[0m13:39:00.874527 [info ] [MainThread]: Registered adapter: postgres=1.8.2
[0m13:39:00.875538 [debug] [MainThread]: Acquiring new postgres connection 'debug'
[0m13:39:00.992505 [debug] [MainThread]: Using postgres connection "debug"
[0m13:39:00.993244 [debug] [MainThread]: On debug: select 1 as id
[0m13:39:00.993751 [debug] [MainThread]: Opening a new connection, currently in state init
[0m13:39:01.013699 [debug] [MainThread]: Postgres adapter: Got a retryable error when attempting to open a postgres connection.
1 attempts remaining. Retrying in 0 seconds.
Error:
connection to server at "localhost" (::1), port 5611 failed: FATAL:  password authentication failed for user "Lucas"

[0m13:39:01.029421 [debug] [MainThread]: Postgres adapter: Error running SQL: select 1 as id
[0m13:39:01.031947 [debug] [MainThread]: Postgres adapter: Rolling back transaction.
[0m13:39:01.031947 [debug] [MainThread]: On debug: No close available on handle
[0m13:39:01.033459 [info ] [MainThread]:   Connection test: [[31mERROR[0m]

[0m13:39:01.034803 [info ] [MainThread]: [31m2 checks failed:[0m
[0m13:39:01.035937 [info ] [MainThread]: Project loading failed for the following reason:
 project path <E:\dbt_core_desafio_21_dias\dbt_project.yml> not found

[0m13:39:01.036980 [info ] [MainThread]: dbt was unable to connect to the specified database.
The database returned the following error:

  >Database Error
  connection to server at "localhost" (::1), port 5611 failed: FATAL:  password authentication failed for user "Lucas"
  

Check your database credentials and try again. For more information, visit:
https://docs.getdbt.com/docs/configure-your-profile


[0m13:39:01.040181 [debug] [MainThread]: Command `dbt debug` failed at 13:39:01.039651 after 0.56 seconds
[0m13:39:01.040704 [debug] [MainThread]: Connection 'debug' was properly closed.
[0m13:39:01.041232 [debug] [MainThread]: Sending event: {'category': 'dbt', 'action': 'invocation', 'label': 'end', 'context': [<snowplow_tracker.self_describing_json.SelfDescribingJson object at 0x000001EB0561CFE0>, <snowplow_tracker.self_describing_json.SelfDescribingJson object at 0x000001EB0608D280>, <snowplow_tracker.self_describing_json.SelfDescribingJson object at 0x000001EB05C879B0>]}
[0m13:39:01.041758 [debug] [MainThread]: Flushing usage events
[0m13:39:31.469295 [debug] [MainThread]: Sending event: {'category': 'dbt', 'action': 'invocation', 'label': 'start', 'context': [<snowplow_tracker.self_describing_json.SelfDescribingJson object at 0x0000022710BDC1A0>, <snowplow_tracker.self_describing_json.SelfDescribingJson object at 0x00000227110721E0>, <snowplow_tracker.self_describing_json.SelfDescribingJson object at 0x000002270EBD7DA0>]}


============================== 13:39:31.474291 | 7e3aba95-91d1-4d5c-adbc-239a889b0b36 ==============================
[0m13:39:31.474291 [info ] [MainThread]: Running with dbt=1.8.6
[0m13:39:31.475293 [debug] [MainThread]: running dbt with arguments {'printer_width': '80', 'indirect_selection': 'eager', 'log_cache_events': 'False', 'write_json': 'True', 'partial_parse': 'True', 'cache_selected_only': 'False', 'warn_error': 'None', 'version_check': 'True', 'profiles_dir': 'C:\\Users\\Lucas Andrade\\.dbt', 'log_path': 'logs', 'fail_fast': 'False', 'debug': 'False', 'use_colors': 'True', 'use_experimental_parser': 'False', 'empty': 'None', 'quiet': 'False', 'no_print': 'None', 'warn_error_options': 'WarnErrorOptions(include=[], exclude=[])', 'introspect': 'True', 'invocation_command': 'dbt debug', 'log_format': 'default', 'target_path': 'None', 'static_parser': 'True', 'send_anonymous_usage_stats': 'True'}
[0m13:39:31.506553 [info ] [MainThread]: dbt version: 1.8.6
[0m13:39:31.506553 [info ] [MainThread]: python version: 3.12.4
[0m13:39:31.507554 [info ] [MainThread]: python path: E:\VMs_python\dbt-21-dias\Scripts\python.exe
[0m13:39:31.508554 [info ] [MainThread]: os info: Windows-11-10.0.22631-SP0
[0m13:39:31.637791 [info ] [MainThread]: Using profiles dir at C:\Users\Lucas Andrade\.dbt
[0m13:39:31.638791 [info ] [MainThread]: Using profiles.yml file at C:\Users\Lucas Andrade\.dbt\profiles.yml
[0m13:39:31.639790 [info ] [MainThread]: Using dbt_project.yml file at E:\dbt_core_desafio_21_dias\dbt_project.yml
[0m13:39:31.641791 [info ] [MainThread]: adapter type: postgres
[0m13:39:31.642791 [info ] [MainThread]: adapter version: 1.8.2
[0m13:39:31.644792 [info ] [MainThread]: Configuration:
[0m13:39:31.644792 [info ] [MainThread]:   profiles.yml file [[32mOK found and valid[0m]
[0m13:39:31.645794 [info ] [MainThread]:   dbt_project.yml file [[31mERROR not found[0m]
[0m13:39:31.647792 [info ] [MainThread]: Required dependencies:
[0m13:39:31.648794 [debug] [MainThread]: Executing "git --help"
[0m13:39:31.688792 [debug] [MainThread]: STDOUT: "b"usage: git [-v | --version] [-h | --help] [-C <path>] [-c <name>=<value>]\n           [--exec-path[=<path>]] [--html-path] [--man-path] [--info-path]\n           [-p | --paginate | -P | --no-pager] [--no-replace-objects] [--bare]\n           [--git-dir=<path>] [--work-tree=<path>] [--namespace=<name>]\n           [--config-env=<name>=<envvar>] <command> [<args>]\n\nThese are common Git commands used in various situations:\n\nstart a working area (see also: git help tutorial)\n   clone     Clone a repository into a new directory\n   init      Create an empty Git repository or reinitialize an existing one\n\nwork on the current change (see also: git help everyday)\n   add       Add file contents to the index\n   mv        Move or rename a file, a directory, or a symlink\n   restore   Restore working tree files\n   rm        Remove files from the working tree and from the index\n\nexamine the history and state (see also: git help revisions)\n   bisect    Use binary search to find the commit that introduced a bug\n   diff      Show changes between commits, commit and working tree, etc\n   grep      Print lines matching a pattern\n   log       Show commit logs\n   show      Show various types of objects\n   status    Show the working tree status\n\ngrow, mark and tweak your common history\n   branch    List, create, or delete branches\n   commit    Record changes to the repository\n   merge     Join two or more development histories together\n   rebase    Reapply commits on top of another base tip\n   reset     Reset current HEAD to the specified state\n   switch    Switch branches\n   tag       Create, list, delete or verify a tag object signed with GPG\n\ncollaborate (see also: git help workflows)\n   fetch     Download objects and refs from another repository\n   pull      Fetch from and integrate with another repository or a local branch\n   push      Update remote refs along with associated objects\n\n'git help -a' and 'git help -g' list available subcommands and some\nconcept guides. See 'git help <command>' or 'git help <concept>'\nto read about a specific subcommand or concept.\nSee 'git help git' for an overview of the system.\n""
[0m13:39:31.689788 [debug] [MainThread]: STDERR: "b''"
[0m13:39:31.690790 [info ] [MainThread]:  - git [[32mOK found[0m]

[0m13:39:31.691792 [info ] [MainThread]: Connection:
[0m13:39:31.691792 [info ] [MainThread]:   host: localhost
[0m13:39:31.692792 [info ] [MainThread]:   port: 5611
[0m13:39:31.693791 [info ] [MainThread]:   user: Lucas
[0m13:39:31.694847 [info ] [MainThread]:   database: dbt_21_dias
[0m13:39:31.695358 [info ] [MainThread]:   schema: public
[0m13:39:31.696370 [info ] [MainThread]:   connect_timeout: 10
[0m13:39:31.697369 [info ] [MainThread]:   role: None
[0m13:39:31.698370 [info ] [MainThread]:   search_path: None
[0m13:39:31.699370 [info ] [MainThread]:   keepalives_idle: 0
[0m13:39:31.700372 [info ] [MainThread]:   sslmode: None
[0m13:39:31.701369 [info ] [MainThread]:   sslcert: None
[0m13:39:31.702370 [info ] [MainThread]:   sslkey: None
[0m13:39:31.703368 [info ] [MainThread]:   sslrootcert: None
[0m13:39:31.704369 [info ] [MainThread]:   application_name: dbt
[0m13:39:31.705370 [info ] [MainThread]:   retries: 1
[0m13:39:31.706382 [info ] [MainThread]: Registered adapter: postgres=1.8.2
[0m13:39:31.707378 [debug] [MainThread]: Acquiring new postgres connection 'debug'
[0m13:39:31.823982 [debug] [MainThread]: Using postgres connection "debug"
[0m13:39:31.823982 [debug] [MainThread]: On debug: select 1 as id
[0m13:39:31.824984 [debug] [MainThread]: Opening a new connection, currently in state init
[0m13:39:31.847987 [debug] [MainThread]: Postgres adapter: Got a retryable error when attempting to open a postgres connection.
1 attempts remaining. Retrying in 0 seconds.
Error:
connection to server at "localhost" (::1), port 5611 failed: FATAL:  password authentication failed for user "Lucas"

[0m13:39:31.864314 [debug] [MainThread]: Postgres adapter: Error running SQL: select 1 as id
[0m13:39:31.865895 [debug] [MainThread]: Postgres adapter: Rolling back transaction.
[0m13:39:31.866404 [debug] [MainThread]: On debug: No close available on handle
[0m13:39:31.866997 [info ] [MainThread]:   Connection test: [[31mERROR[0m]

[0m13:39:31.868580 [info ] [MainThread]: [31m2 checks failed:[0m
[0m13:39:31.869190 [info ] [MainThread]: Project loading failed for the following reason:
 project path <E:\dbt_core_desafio_21_dias\dbt_project.yml> not found

[0m13:39:31.870285 [info ] [MainThread]: dbt was unable to connect to the specified database.
The database returned the following error:

  >Database Error
  connection to server at "localhost" (::1), port 5611 failed: FATAL:  password authentication failed for user "Lucas"
  

Check your database credentials and try again. For more information, visit:
https://docs.getdbt.com/docs/configure-your-profile


[0m13:39:31.873566 [debug] [MainThread]: Command `dbt debug` failed at 13:39:31.873566 after 0.56 seconds
[0m13:39:31.874825 [debug] [MainThread]: Connection 'debug' was properly closed.
[0m13:39:31.875338 [debug] [MainThread]: Sending event: {'category': 'dbt', 'action': 'invocation', 'label': 'end', 'context': [<snowplow_tracker.self_describing_json.SelfDescribingJson object at 0x00000227108CB8C0>, <snowplow_tracker.self_describing_json.SelfDescribingJson object at 0x00000227115218B0>, <snowplow_tracker.self_describing_json.SelfDescribingJson object at 0x000002271167FCB0>]}
[0m13:39:31.876361 [debug] [MainThread]: Flushing usage events
[0m13:40:00.479396 [debug] [MainThread]: Sending event: {'category': 'dbt', 'action': 'invocation', 'label': 'start', 'context': [<snowplow_tracker.self_describing_json.SelfDescribingJson object at 0x00000224BAB61C70>, <snowplow_tracker.self_describing_json.SelfDescribingJson object at 0x00000224BCCB96A0>, <snowplow_tracker.self_describing_json.SelfDescribingJson object at 0x00000224BC8CF5C0>]}


============================== 13:40:00.485391 | e97426ba-2d41-48cd-84bb-78751ef5d26d ==============================
[0m13:40:00.485391 [info ] [MainThread]: Running with dbt=1.8.6
[0m13:40:00.486394 [debug] [MainThread]: running dbt with arguments {'printer_width': '80', 'indirect_selection': 'eager', 'write_json': 'True', 'log_cache_events': 'False', 'partial_parse': 'True', 'cache_selected_only': 'False', 'warn_error': 'None', 'version_check': 'True', 'profiles_dir': 'C:\\Users\\Lucas Andrade\\.dbt', 'log_path': 'logs', 'debug': 'False', 'fail_fast': 'False', 'use_colors': 'True', 'use_experimental_parser': 'False', 'empty': 'None', 'quiet': 'False', 'no_print': 'None', 'log_format': 'default', 'static_parser': 'True', 'invocation_command': 'dbt debug', 'introspect': 'True', 'target_path': 'None', 'warn_error_options': 'WarnErrorOptions(include=[], exclude=[])', 'send_anonymous_usage_stats': 'True'}
[0m13:40:00.517397 [info ] [MainThread]: dbt version: 1.8.6
[0m13:40:00.518397 [info ] [MainThread]: python version: 3.12.4
[0m13:40:00.519395 [info ] [MainThread]: python path: E:\VMs_python\dbt-21-dias\Scripts\python.exe
[0m13:40:00.520397 [info ] [MainThread]: os info: Windows-11-10.0.22631-SP0
[0m13:40:00.634525 [info ] [MainThread]: Using profiles dir at C:\Users\Lucas Andrade\.dbt
[0m13:40:00.635527 [info ] [MainThread]: Using profiles.yml file at C:\Users\Lucas Andrade\.dbt\profiles.yml
[0m13:40:00.636530 [info ] [MainThread]: Using dbt_project.yml file at E:\dbt_core_desafio_21_dias\dbt_project.yml
[0m13:40:00.637530 [info ] [MainThread]: Configuration:
[0m13:40:00.638532 [info ] [MainThread]:   profiles.yml file [[31mERROR invalid[0m]
[0m13:40:00.640533 [info ] [MainThread]:   dbt_project.yml file [[31mERROR not found[0m]
[0m13:40:00.641534 [info ] [MainThread]: Required dependencies:
[0m13:40:00.641534 [debug] [MainThread]: Executing "git --help"
[0m13:40:00.685053 [debug] [MainThread]: STDOUT: "b"usage: git [-v | --version] [-h | --help] [-C <path>] [-c <name>=<value>]\n           [--exec-path[=<path>]] [--html-path] [--man-path] [--info-path]\n           [-p | --paginate | -P | --no-pager] [--no-replace-objects] [--bare]\n           [--git-dir=<path>] [--work-tree=<path>] [--namespace=<name>]\n           [--config-env=<name>=<envvar>] <command> [<args>]\n\nThese are common Git commands used in various situations:\n\nstart a working area (see also: git help tutorial)\n   clone     Clone a repository into a new directory\n   init      Create an empty Git repository or reinitialize an existing one\n\nwork on the current change (see also: git help everyday)\n   add       Add file contents to the index\n   mv        Move or rename a file, a directory, or a symlink\n   restore   Restore working tree files\n   rm        Remove files from the working tree and from the index\n\nexamine the history and state (see also: git help revisions)\n   bisect    Use binary search to find the commit that introduced a bug\n   diff      Show changes between commits, commit and working tree, etc\n   grep      Print lines matching a pattern\n   log       Show commit logs\n   show      Show various types of objects\n   status    Show the working tree status\n\ngrow, mark and tweak your common history\n   branch    List, create, or delete branches\n   commit    Record changes to the repository\n   merge     Join two or more development histories together\n   rebase    Reapply commits on top of another base tip\n   reset     Reset current HEAD to the specified state\n   switch    Switch branches\n   tag       Create, list, delete or verify a tag object signed with GPG\n\ncollaborate (see also: git help workflows)\n   fetch     Download objects and refs from another repository\n   pull      Fetch from and integrate with another repository or a local branch\n   push      Update remote refs along with associated objects\n\n'git help -a' and 'git help -g' list available subcommands and some\nconcept guides. See 'git help <command>' or 'git help <concept>'\nto read about a specific subcommand or concept.\nSee 'git help git' for an overview of the system.\n""
[0m13:40:00.686049 [debug] [MainThread]: STDERR: "b''"
[0m13:40:00.686753 [info ] [MainThread]:  - git [[32mOK found[0m]

[0m13:40:00.687764 [info ] [MainThread]: Connection test skipped since no profile was found
[0m13:40:00.688765 [info ] [MainThread]: [31m2 checks failed:[0m
[0m13:40:00.689763 [info ] [MainThread]: Could not load dbt_project.yml
Profile loading failed for the following reason:
Runtime Error
  Credentials in profile "dbt_21_dias_project", target "dev" invalid: 12345678 is not of type 'string'


[0m13:40:00.690761 [info ] [MainThread]: Project loading failed for the following reason:
 project path <E:\dbt_core_desafio_21_dias\dbt_project.yml> not found

[0m13:40:00.692765 [debug] [MainThread]: Command `dbt debug` failed at 13:40:00.692765 after 0.36 seconds
[0m13:40:00.693766 [debug] [MainThread]: Sending event: {'category': 'dbt', 'action': 'invocation', 'label': 'end', 'context': [<snowplow_tracker.self_describing_json.SelfDescribingJson object at 0x00000224BD225C70>, <snowplow_tracker.self_describing_json.SelfDescribingJson object at 0x00000224BD07D7C0>, <snowplow_tracker.self_describing_json.SelfDescribingJson object at 0x00000224BD003CE0>]}
[0m13:40:00.694763 [debug] [MainThread]: Flushing usage events
[0m13:42:23.399606 [debug] [MainThread]: Sending event: {'category': 'dbt', 'action': 'invocation', 'label': 'start', 'context': [<snowplow_tracker.self_describing_json.SelfDescribingJson object at 0x000001DF8E7C5280>, <snowplow_tracker.self_describing_json.SelfDescribingJson object at 0x000001DF8E8D8800>, <snowplow_tracker.self_describing_json.SelfDescribingJson object at 0x000001DF8E7C7440>]}


============================== 13:42:23.405603 | c8fd297b-fe2d-4cad-a7ff-8222524ab38f ==============================
[0m13:42:23.405603 [info ] [MainThread]: Running with dbt=1.8.6
[0m13:42:23.406604 [debug] [MainThread]: running dbt with arguments {'printer_width': '80', 'indirect_selection': 'eager', 'log_cache_events': 'False', 'write_json': 'True', 'partial_parse': 'True', 'cache_selected_only': 'False', 'warn_error': 'None', 'fail_fast': 'False', 'profiles_dir': 'C:\\Users\\Lucas Andrade\\.dbt', 'log_path': 'logs', 'debug': 'False', 'version_check': 'True', 'use_colors': 'True', 'use_experimental_parser': 'False', 'empty': 'None', 'quiet': 'False', 'no_print': 'None', 'warn_error_options': 'WarnErrorOptions(include=[], exclude=[])', 'static_parser': 'True', 'introspect': 'True', 'invocation_command': 'dbt debug', 'target_path': 'None', 'log_format': 'default', 'send_anonymous_usage_stats': 'True'}
[0m13:42:23.437605 [info ] [MainThread]: dbt version: 1.8.6
[0m13:42:23.438602 [info ] [MainThread]: python version: 3.12.4
[0m13:42:23.439605 [info ] [MainThread]: python path: E:\VMs_python\dbt-21-dias\Scripts\python.exe
[0m13:42:23.440606 [info ] [MainThread]: os info: Windows-11-10.0.22631-SP0
[0m13:42:23.556149 [info ] [MainThread]: Using profiles dir at C:\Users\Lucas Andrade\.dbt
[0m13:42:23.557155 [info ] [MainThread]: Using profiles.yml file at C:\Users\Lucas Andrade\.dbt\profiles.yml
[0m13:42:23.558155 [info ] [MainThread]: Using dbt_project.yml file at E:\dbt_core_desafio_21_dias\dbt_project.yml
[0m13:42:23.559156 [info ] [MainThread]: Configuration:
[0m13:42:23.560157 [info ] [MainThread]:   profiles.yml file [[31mERROR invalid[0m]
[0m13:42:23.562160 [info ] [MainThread]:   dbt_project.yml file [[31mERROR not found[0m]
[0m13:42:23.563155 [info ] [MainThread]: Required dependencies:
[0m13:42:23.564156 [debug] [MainThread]: Executing "git --help"
[0m13:42:23.605554 [debug] [MainThread]: STDOUT: "b"usage: git [-v | --version] [-h | --help] [-C <path>] [-c <name>=<value>]\n           [--exec-path[=<path>]] [--html-path] [--man-path] [--info-path]\n           [-p | --paginate | -P | --no-pager] [--no-replace-objects] [--bare]\n           [--git-dir=<path>] [--work-tree=<path>] [--namespace=<name>]\n           [--config-env=<name>=<envvar>] <command> [<args>]\n\nThese are common Git commands used in various situations:\n\nstart a working area (see also: git help tutorial)\n   clone     Clone a repository into a new directory\n   init      Create an empty Git repository or reinitialize an existing one\n\nwork on the current change (see also: git help everyday)\n   add       Add file contents to the index\n   mv        Move or rename a file, a directory, or a symlink\n   restore   Restore working tree files\n   rm        Remove files from the working tree and from the index\n\nexamine the history and state (see also: git help revisions)\n   bisect    Use binary search to find the commit that introduced a bug\n   diff      Show changes between commits, commit and working tree, etc\n   grep      Print lines matching a pattern\n   log       Show commit logs\n   show      Show various types of objects\n   status    Show the working tree status\n\ngrow, mark and tweak your common history\n   branch    List, create, or delete branches\n   commit    Record changes to the repository\n   merge     Join two or more development histories together\n   rebase    Reapply commits on top of another base tip\n   reset     Reset current HEAD to the specified state\n   switch    Switch branches\n   tag       Create, list, delete or verify a tag object signed with GPG\n\ncollaborate (see also: git help workflows)\n   fetch     Download objects and refs from another repository\n   pull      Fetch from and integrate with another repository or a local branch\n   push      Update remote refs along with associated objects\n\n'git help -a' and 'git help -g' list available subcommands and some\nconcept guides. See 'git help <command>' or 'git help <concept>'\nto read about a specific subcommand or concept.\nSee 'git help git' for an overview of the system.\n""
[0m13:42:23.606551 [debug] [MainThread]: STDERR: "b''"
[0m13:42:23.607555 [info ] [MainThread]:  - git [[32mOK found[0m]

[0m13:42:23.608555 [info ] [MainThread]: Connection test skipped since no profile was found
[0m13:42:23.608555 [info ] [MainThread]: [31m2 checks failed:[0m
[0m13:42:23.609555 [info ] [MainThread]: Could not load dbt_project.yml
Profile loading failed for the following reason:
Runtime Error
  Credentials in profile "dbt_21_dias_project", target "dev" invalid: 12345678 is not of type 'string'


[0m13:42:23.611554 [info ] [MainThread]: Project loading failed for the following reason:
 project path <E:\dbt_core_desafio_21_dias\dbt_project.yml> not found

[0m13:42:23.613555 [debug] [MainThread]: Command `dbt debug` failed at 13:42:23.613555 after 0.41 seconds
[0m13:42:23.614551 [debug] [MainThread]: Sending event: {'category': 'dbt', 'action': 'invocation', 'label': 'end', 'context': [<snowplow_tracker.self_describing_json.SelfDescribingJson object at 0x000001DF8E814530>, <snowplow_tracker.self_describing_json.SelfDescribingJson object at 0x000001DF8E842FF0>, <snowplow_tracker.self_describing_json.SelfDescribingJson object at 0x000001DF8E98FFE0>]}
[0m13:42:23.614551 [debug] [MainThread]: Flushing usage events
[0m13:43:11.629865 [debug] [MainThread]: Sending event: {'category': 'dbt', 'action': 'invocation', 'label': 'start', 'context': [<snowplow_tracker.self_describing_json.SelfDescribingJson object at 0x0000019B1F77D580>, <snowplow_tracker.self_describing_json.SelfDescribingJson object at 0x0000019B1FCFD700>, <snowplow_tracker.self_describing_json.SelfDescribingJson object at 0x0000019B204D7470>]}


============================== 13:43:11.634860 | dd14ded4-360f-4ff6-8392-c5876c561022 ==============================
[0m13:43:11.634860 [info ] [MainThread]: Running with dbt=1.8.6
[0m13:43:11.635861 [debug] [MainThread]: running dbt with arguments {'printer_width': '80', 'indirect_selection': 'eager', 'log_cache_events': 'False', 'write_json': 'True', 'partial_parse': 'True', 'cache_selected_only': 'False', 'warn_error': 'None', 'version_check': 'True', 'debug': 'False', 'log_path': 'logs', 'profiles_dir': 'C:\\Users\\Lucas Andrade\\.dbt', 'fail_fast': 'False', 'use_colors': 'True', 'use_experimental_parser': 'False', 'empty': 'None', 'quiet': 'False', 'no_print': 'None', 'log_format': 'default', 'introspect': 'True', 'warn_error_options': 'WarnErrorOptions(include=[], exclude=[])', 'invocation_command': 'dbt debug', 'target_path': 'None', 'static_parser': 'True', 'send_anonymous_usage_stats': 'True'}
[0m13:43:11.666869 [info ] [MainThread]: dbt version: 1.8.6
[0m13:43:11.668869 [info ] [MainThread]: python version: 3.12.4
[0m13:43:11.669867 [info ] [MainThread]: python path: E:\VMs_python\dbt-21-dias\Scripts\python.exe
[0m13:43:11.670865 [info ] [MainThread]: os info: Windows-11-10.0.22631-SP0
[0m13:43:11.790402 [info ] [MainThread]: Using profiles dir at C:\Users\Lucas Andrade\.dbt
[0m13:43:11.791403 [info ] [MainThread]: Using profiles.yml file at C:\Users\Lucas Andrade\.dbt\profiles.yml
[0m13:43:11.792416 [info ] [MainThread]: Using dbt_project.yml file at E:\dbt_core_desafio_21_dias\dbt_project.yml
[0m13:43:11.795410 [info ] [MainThread]: adapter type: postgres
[0m13:43:11.796417 [info ] [MainThread]: adapter version: 1.8.2
[0m13:43:11.797418 [info ] [MainThread]: Configuration:
[0m13:43:11.799416 [info ] [MainThread]:   profiles.yml file [[32mOK found and valid[0m]
[0m13:43:11.801416 [info ] [MainThread]:   dbt_project.yml file [[31mERROR not found[0m]
[0m13:43:11.802415 [info ] [MainThread]: Required dependencies:
[0m13:43:11.803413 [debug] [MainThread]: Executing "git --help"
[0m13:43:11.843179 [debug] [MainThread]: STDOUT: "b"usage: git [-v | --version] [-h | --help] [-C <path>] [-c <name>=<value>]\n           [--exec-path[=<path>]] [--html-path] [--man-path] [--info-path]\n           [-p | --paginate | -P | --no-pager] [--no-replace-objects] [--bare]\n           [--git-dir=<path>] [--work-tree=<path>] [--namespace=<name>]\n           [--config-env=<name>=<envvar>] <command> [<args>]\n\nThese are common Git commands used in various situations:\n\nstart a working area (see also: git help tutorial)\n   clone     Clone a repository into a new directory\n   init      Create an empty Git repository or reinitialize an existing one\n\nwork on the current change (see also: git help everyday)\n   add       Add file contents to the index\n   mv        Move or rename a file, a directory, or a symlink\n   restore   Restore working tree files\n   rm        Remove files from the working tree and from the index\n\nexamine the history and state (see also: git help revisions)\n   bisect    Use binary search to find the commit that introduced a bug\n   diff      Show changes between commits, commit and working tree, etc\n   grep      Print lines matching a pattern\n   log       Show commit logs\n   show      Show various types of objects\n   status    Show the working tree status\n\ngrow, mark and tweak your common history\n   branch    List, create, or delete branches\n   commit    Record changes to the repository\n   merge     Join two or more development histories together\n   rebase    Reapply commits on top of another base tip\n   reset     Reset current HEAD to the specified state\n   switch    Switch branches\n   tag       Create, list, delete or verify a tag object signed with GPG\n\ncollaborate (see also: git help workflows)\n   fetch     Download objects and refs from another repository\n   pull      Fetch from and integrate with another repository or a local branch\n   push      Update remote refs along with associated objects\n\n'git help -a' and 'git help -g' list available subcommands and some\nconcept guides. See 'git help <command>' or 'git help <concept>'\nto read about a specific subcommand or concept.\nSee 'git help git' for an overview of the system.\n""
[0m13:43:11.844174 [debug] [MainThread]: STDERR: "b''"
[0m13:43:11.844174 [info ] [MainThread]:  - git [[32mOK found[0m]

[0m13:43:11.846179 [info ] [MainThread]: Connection:
[0m13:43:11.847754 [info ] [MainThread]:   host: localhost
[0m13:43:11.848768 [info ] [MainThread]:   port: 5611
[0m13:43:11.849765 [info ] [MainThread]:   user: Lucas
[0m13:43:11.850765 [info ] [MainThread]:   database: dbt_21_dias
[0m13:43:11.851767 [info ] [MainThread]:   schema: public
[0m13:43:11.852766 [info ] [MainThread]:   connect_timeout: 10
[0m13:43:11.853766 [info ] [MainThread]:   role: None
[0m13:43:11.853766 [info ] [MainThread]:   search_path: None
[0m13:43:11.854765 [info ] [MainThread]:   keepalives_idle: 0
[0m13:43:11.855766 [info ] [MainThread]:   sslmode: None
[0m13:43:11.856769 [info ] [MainThread]:   sslcert: None
[0m13:43:11.857766 [info ] [MainThread]:   sslkey: None
[0m13:43:11.858766 [info ] [MainThread]:   sslrootcert: None
[0m13:43:11.859765 [info ] [MainThread]:   application_name: dbt
[0m13:43:11.859765 [info ] [MainThread]:   retries: 1
[0m13:43:11.860765 [info ] [MainThread]: Registered adapter: postgres=1.8.2
[0m13:43:11.862766 [debug] [MainThread]: Acquiring new postgres connection 'debug'
[0m13:43:11.981315 [debug] [MainThread]: Using postgres connection "debug"
[0m13:43:11.982315 [debug] [MainThread]: On debug: select 1 as id
[0m13:43:11.982315 [debug] [MainThread]: Opening a new connection, currently in state init
[0m13:43:12.050269 [debug] [MainThread]: SQL status: SELECT 1 in 0.067 seconds
[0m13:43:12.052271 [debug] [MainThread]: On debug: Close
[0m13:43:12.052271 [info ] [MainThread]:   Connection test: [[32mOK connection ok[0m]

[0m13:43:12.055276 [info ] [MainThread]: [31m1 check failed:[0m
[0m13:43:12.056667 [info ] [MainThread]: Project loading failed for the following reason:
 project path <E:\dbt_core_desafio_21_dias\dbt_project.yml> not found

[0m13:43:12.059436 [debug] [MainThread]: Command `dbt debug` failed at 13:43:12.058897 after 0.59 seconds
[0m13:43:12.059970 [debug] [MainThread]: Connection 'debug' was properly closed.
[0m13:43:12.060498 [debug] [MainThread]: Sending event: {'category': 'dbt', 'action': 'invocation', 'label': 'end', 'context': [<snowplow_tracker.self_describing_json.SelfDescribingJson object at 0x0000019B205FEB40>, <snowplow_tracker.self_describing_json.SelfDescribingJson object at 0x0000019B202A4530>, <snowplow_tracker.self_describing_json.SelfDescribingJson object at 0x0000019B2078A4E0>]}
[0m13:43:12.061028 [debug] [MainThread]: Flushing usage events
